Start building sites … 

                   | ZH-CN  
-------------------+--------
  Pages            |    26  
  Paginator pages  |     0  
  Non-page files   |     1  
  Static files     |     0  
  Processed images |     3  
  Aliases          |    12  
  Sitemaps         |     1  
  Cleaned          |     0  

Total in 132 ms
Start building sites … 

                   | ZH-CN  
-------------------+--------
  Pages            |    26  
  Paginator pages  |     0  
  Non-page files   |     1  
  Static files     |     0  
  Processed images |     6  
  Aliases          |    12  
  Sitemaps         |     1  
  Cleaned          |     0  

Total in 132 ms
Start building sites … 

                   | ZH-CN  
-------------------+--------
  Pages            |    26  
  Paginator pages  |     0  
  Non-page files   |     1  
  Static files     |     0  
  Processed images |     9  
  Aliases          |    12  
  Sitemaps         |     1  
  Cleaned          |     0  

Total in 129 ms
Start building sites … 

                   | ZH-CN  
-------------------+--------
  Pages            |    26  
  Paginator pages  |     0  
  Non-page files   |     1  
  Static files     |     0  
  Processed images |    10  
  Aliases          |    12  
  Sitemaps         |     1  
  Cleaned          |     0  

Total in 179 ms
Start building sites … 

                   | ZH-CN  
-------------------+--------
  Pages            |    26  
  Paginator pages  |     0  
  Non-page files   |     2  
  Static files     |     0  
  Processed images |    11  
  Aliases          |    12  
  Sitemaps         |     1  
  Cleaned          |     0  

Total in 280 ms
Start building sites … 

                   | ZH-CN  
-------------------+--------
  Pages            |    24  
  Paginator pages  |     0  
  Non-page files   |     2  
  Static files     |     0  
  Processed images |    10  
  Aliases          |    11  
  Sitemaps         |     1  
  Cleaned          |     0  

Total in 182 ms
Start building sites … 

                   | ZH-CN  
-------------------+--------
  Pages            |    24  
  Paginator pages  |     0  
  Non-page files   |     2  
  Static files     |     0  
  Processed images |    10  
  Aliases          |    11  
  Sitemaps         |     1  
  Cleaned          |     0  

Total in 111 ms
Start building sites … 

                   | ZH-CN  
-------------------+--------
  Pages            |    25  
  Paginator pages  |     0  
  Non-page files   |     2  
  Static files     |     0  
  Processed images |    10  
  Aliases          |    11  
  Sitemaps         |     1  
  Cleaned          |     0  

Total in 204 ms
Start building sites … 

                   | ZH-CN  
-------------------+--------
  Pages            |    25  
  Paginator pages  |     0  
  Non-page files   |     2  
  Static files     |     0  
  Processed images |    10  
  Aliases          |    11  
  Sitemaps         |     1  
  Cleaned          |     0  

Total in 167 ms
Start building sites … 

                   | ZH-CN  
-------------------+--------
  Pages            |    25  
  Paginator pages  |     0  
  Non-page files   |     2  
  Static files     |     0  
  Processed images |    10  
  Aliases          |    11  
  Sitemaps         |     1  
  Cleaned          |     0  

Total in 164 ms
Start building sites … 

                   | ZH-CN  
-------------------+--------
  Pages            |    25  
  Paginator pages  |     0  
  Non-page files   |     2  
  Static files     |     0  
  Processed images |    10  
  Aliases          |    11  
  Sitemaps         |     1  
  Cleaned          |     0  

Total in 213 ms
Start building sites … 

                   | ZH-CN  
-------------------+--------
  Pages            |    26  
  Paginator pages  |     0  
  Non-page files   |     2  
  Static files     |     0  
  Processed images |    10  
  Aliases          |    11  
  Sitemaps         |     1  
  Cleaned          |     0  

Total in 235 ms
Start building sites … 

                   | ZH-CN  
-------------------+--------
  Pages            |    29  
  Paginator pages  |     0  
  Non-page files   |     1  
  Static files     |     0  
  Processed images |    10  
  Aliases          |    12  
  Sitemaps         |     1  
  Cleaned          |     0  

Total in 194 ms
Start building sites … 

                   | ZH-CN  
-------------------+--------
  Pages            |    29  
  Paginator pages  |     0  
  Non-page files   |     1  
  Static files     |     0  
  Processed images |    10  
  Aliases          |    12  
  Sitemaps         |     1  
  Cleaned          |     0  

Total in 200 ms
Start building sites … 
Total in 55 ms
Start building sites … 

                   | ZH-CN  
-------------------+--------
  Pages            |    32  
  Paginator pages  |     0  
  Non-page files   |     1  
  Static files     |     0  
  Processed images |    10  
  Aliases          |    13  
  Sitemaps         |     1  
  Cleaned          |     0  

Total in 150 ms
Start building sites … 

                   | ZH-CN  
-------------------+--------
  Pages            |    32  
  Paginator pages  |     0  
  Non-page files   |     1  
  Static files     |     0  
  Processed images |    10  
  Aliases          |    13  
  Sitemaps         |     1  
  Cleaned          |     0  

Total in 189 ms
Start building sites … 

                   | ZH-CN  
-------------------+--------
  Pages            |    32  
  Paginator pages  |     0  
  Non-page files   |     1  
  Static files     |     0  
  Processed images |    10  
  Aliases          |    13  
  Sitemaps         |     1  
  Cleaned          |     0  

Total in 227 ms
Start building sites … 

                   | ZH-CN  
-------------------+--------
  Pages            |    32  
  Paginator pages  |     0  
  Non-page files   |     1  
  Static files     |     0  
  Processed images |    10  
  Aliases          |    13  
  Sitemaps         |     1  
  Cleaned          |     0  

Total in 198 ms
Start building sites … 

                   | ZH-CN  
-------------------+--------
  Pages            |    35  
  Paginator pages  |     2  
  Non-page files   |     1  
  Static files     |     0  
  Processed images |    10  
  Aliases          |    13  
  Sitemaps         |     1  
  Cleaned          |     0  

Total in 189 ms
Start building sites … 

                   | ZH-CN  
-------------------+--------
  Pages            |    34  
  Paginator pages  |     2  
  Non-page files   |     1  
  Static files     |     0  
  Processed images |    10  
  Aliases          |    13  
  Sitemaps         |     1  
  Cleaned          |     0  

Total in 178 ms
Start building sites … 

                   | ZH-CN  
-------------------+--------
  Pages            |    38  
  Paginator pages  |     3  
  Non-page files   |     1  
  Static files     |     0  
  Processed images |    10  
  Aliases          |    13  
  Sitemaps         |     1  
  Cleaned          |     0  

Total in 195 ms
Start building sites … 

                   | ZH-CN  
-------------------+--------
  Pages            |    55  
  Paginator pages  |     9  
  Non-page files   |     1  
  Static files     |     0  
  Processed images |    10  
  Aliases          |    13  
  Sitemaps         |     1  
  Cleaned          |     0  

Total in 278 ms
Start building sites … 

                   | ZH-CN  
-------------------+--------
  Pages            |    55  
  Paginator pages  |     9  
  Non-page files   |     1  
  Static files     |     0  
  Processed images |    10  
  Aliases          |    13  
  Sitemaps         |     1  
  Cleaned          |     0  

Total in 338 ms
Start building sites … 

                   | ZH-CN  
-------------------+--------
  Pages            |    55  
  Paginator pages  |     9  
  Non-page files   |     1  
  Static files     |     0  
  Processed images |    10  
  Aliases          |    13  
  Sitemaps         |     1  
  Cleaned          |     0  

Total in 294 ms
Start building sites … 

                   | ZH-CN  
-------------------+--------
  Pages            |    57  
  Paginator pages  |     9  
  Non-page files   |     1  
  Static files     |     0  
  Processed images |    10  
  Aliases          |    13  
  Sitemaps         |     1  
  Cleaned          |     0  

Total in 248 ms
Start building sites … 

                   | ZH-CN  
-------------------+--------
  Pages            |    57  
  Paginator pages  |     9  
  Non-page files   |     1  
  Static files     |     0  
  Processed images |     8  
  Aliases          |    13  
  Sitemaps         |     1  
  Cleaned          |     0  

Total in 282 ms
Start building sites … 

                   | ZH-CN  
-------------------+--------
  Pages            |    57  
  Paginator pages  |     9  
  Non-page files   |     1  
  Static files     |     0  
  Processed images |     8  
  Aliases          |    13  
  Sitemaps         |     1  
  Cleaned          |     0  

Total in 298 ms
Start building sites … 

                   | ZH-CN  
-------------------+--------
  Pages            |    57  
  Paginator pages  |     9  
  Non-page files   |     1  
  Static files     |     0  
  Processed images |     6  
  Aliases          |    13  
  Sitemaps         |     1  
  Cleaned          |     0  

Total in 311 ms
Start building sites … 

                   | ZH-CN  
-------------------+--------
  Pages            |    57  
  Paginator pages  |     9  
  Non-page files   |     1  
  Static files     |     0  
  Processed images |     3  
  Aliases          |    13  
  Sitemaps         |     1  
  Cleaned          |     0  

Total in 318 ms
Start building sites … 

                   | ZH-CN  
-------------------+--------
  Pages            |    57  
  Paginator pages  |     9  
  Non-page files   |     1  
  Static files     |     0  
  Processed images |     8  
  Aliases          |    13  
  Sitemaps         |     1  
  Cleaned          |     0  

Total in 295 ms
Start building sites … 

                   | ZH-CN  
-------------------+--------
  Pages            |    59  
  Paginator pages  |     9  
  Non-page files   |     1  
  Static files     |     0  
  Processed images |     8  
  Aliases          |    14  
  Sitemaps         |     1  
  Cleaned          |     0  

Total in 267 ms
Start building sites … 

                   | ZH-CN  
-------------------+--------
  Pages            |    61  
  Paginator pages  |    14  
  Non-page files   |     1  
  Static files     |     0  
  Processed images |     8  
  Aliases          |    15  
  Sitemaps         |     1  
  Cleaned          |     0  

Total in 366 ms
Start building sites … 

                   | ZH-CN  
-------------------+--------
  Pages            |    61  
  Paginator pages  |    14  
  Non-page files   |     1  
  Static files     |     0  
  Processed images |     8  
  Aliases          |    15  
  Sitemaps         |     1  
  Cleaned          |     0  

Total in 233 ms
Start building sites … 

                   | ZH-CN  
-------------------+--------
  Pages            |    61  
  Paginator pages  |    14  
  Non-page files   |     1  
  Static files     |     0  
  Processed images |     9  
  Aliases          |    15  
  Sitemaps         |     1  
  Cleaned          |     0  

Total in 363 ms
Start building sites … 

                   | ZH-CN  
-------------------+--------
  Pages            |    64  
  Paginator pages  |    14  
  Non-page files   |     1  
  Static files     |     0  
  Processed images |     8  
  Aliases          |    16  
  Sitemaps         |     1  
  Cleaned          |     0  

Total in 244 ms
Start building sites … 

                   | ZH-CN  
-------------------+--------
  Pages            |    61  
  Paginator pages  |    14  
  Non-page files   |     1  
  Static files     |     0  
  Processed images |     8  
  Aliases          |    16  
  Sitemaps         |     1  
  Cleaned          |     0  

Total in 243 ms
Start building sites … 

                   | ZH-CN  
-------------------+--------
  Pages            |    61  
  Paginator pages  |    14  
  Non-page files   |     1  
  Static files     |     0  
  Processed images |     8  
  Aliases          |    16  
  Sitemaps         |     1  
  Cleaned          |     0  

Total in 301 ms
Start building sites … 

                   | ZH-CN  
-------------------+--------
  Pages            |    61  
  Paginator pages  |    14  
  Non-page files   |     1  
  Static files     |     0  
  Processed images |     8  
  Aliases          |    16  
  Sitemaps         |     1  
  Cleaned          |     0  

Total in 296 ms
Start building sites … 

                   | ZH-CN  
-------------------+--------
  Pages            |    61  
  Paginator pages  |    14  
  Non-page files   |     1  
  Static files     |     0  
  Processed images |     8  
  Aliases          |    16  
  Sitemaps         |     1  
  Cleaned          |     0  

Total in 421 ms
Start building sites … 

                   | ZH-CN  
-------------------+--------
  Pages            |    61  
  Paginator pages  |    14  
  Non-page files   |     1  
  Static files     |     0  
  Processed images |     8  
  Aliases          |    16  
  Sitemaps         |     1  
  Cleaned          |     0  

Total in 285 ms
Start building sites … 

                   | ZH-CN  
-------------------+--------
  Pages            |    61  
  Paginator pages  |    14  
  Non-page files   |     1  
  Static files     |     0  
  Processed images |     8  
  Aliases          |    16  
  Sitemaps         |     1  
  Cleaned          |     0  

Total in 331 ms
Start building sites … 

                   | ZH-CN  
-------------------+--------
  Pages            |    61  
  Paginator pages  |    14  
  Non-page files   |     1  
  Static files     |     0  
  Processed images |     9  
  Aliases          |    16  
  Sitemaps         |     1  
  Cleaned          |     0  

Total in 426 ms
Start building sites … 

                   | ZH-CN  
-------------------+--------
  Pages            |    61  
  Paginator pages  |    14  
  Non-page files   |     1  
  Static files     |     0  
  Processed images |     8  
  Aliases          |    16  
  Sitemaps         |     1  
  Cleaned          |     0  

Total in 286 ms
Start building sites … 

                   | ZH-CN  
-------------------+--------
  Pages            |    61  
  Paginator pages  |    14  
  Non-page files   |     1  
  Static files     |     0  
  Processed images |     8  
  Aliases          |    16  
  Sitemaps         |     1  
  Cleaned          |     0  

Total in 252 ms
Start building sites … 

                   | ZH-CN  
-------------------+--------
  Pages            |    63  
  Paginator pages  |    14  
  Non-page files   |     1  
  Static files     |     0  
  Processed images |     8  
  Aliases          |    17  
  Sitemaps         |     1  
  Cleaned          |     0  

Total in 227 ms
Start building sites … 

                   | ZH-CN  
-------------------+--------
  Pages            |    67  
  Paginator pages  |    14  
  Non-page files   |     1  
  Static files     |     0  
  Processed images |     8  
  Aliases          |    17  
  Sitemaps         |     1  
  Cleaned          |     0  

Total in 563 ms
Start building sites … 

                   | ZH-CN  
-------------------+--------
  Pages            |    69  
  Paginator pages  |    14  
  Non-page files   |     1  
  Static files     |     0  
  Processed images |     9  
  Aliases          |    18  
  Sitemaps         |     1  
  Cleaned          |     0  

Total in 330 ms
Start building sites … 

                   | ZH-CN  
-------------------+--------
  Pages            |    69  
  Paginator pages  |    14  
  Non-page files   |     1  
  Static files     |     0  
  Processed images |     8  
  Aliases          |    18  
  Sitemaps         |     1  
  Cleaned          |     0  

Total in 337 ms
Start building sites … 

                   | ZH-CN  
-------------------+--------
  Pages            |    69  
  Paginator pages  |    14  
  Non-page files   |     1  
  Static files     |     0  
  Processed images |     6  
  Aliases          |    18  
  Sitemaps         |     1  
  Cleaned          |     0  

Total in 647 ms
Start building sites … 

                   | ZH-CN  
-------------------+--------
  Pages            |    69  
  Paginator pages  |    14  
  Non-page files   |     1  
  Static files     |     0  
  Processed images |     8  
  Aliases          |    18  
  Sitemaps         |     1  
  Cleaned          |     0  

Total in 630 ms
Start building sites … 

                   | ZH-CN  
-------------------+--------
  Pages            |    69  
  Paginator pages  |    14  
  Non-page files   |     1  
  Static files     |     0  
  Processed images |     8  
  Aliases          |    18  
  Sitemaps         |     1  
  Cleaned          |     0  

Total in 575 ms
Start building sites … 

                   | ZH-CN  
-------------------+--------
  Pages            |    69  
  Paginator pages  |    14  
  Non-page files   |     1  
  Static files     |     0  
  Processed images |     8  
  Aliases          |    18  
  Sitemaps         |     1  
  Cleaned          |     0  

Total in 347 ms
Start building sites … 

                   | ZH-CN  
-------------------+--------
  Pages            |    69  
  Paginator pages  |    14  
  Non-page files   |     1  
  Static files     |     0  
  Processed images |     8  
  Aliases          |    18  
  Sitemaps         |     1  
  Cleaned          |     0  

Total in 587 ms
Start building sites … 

                   | ZH-CN  
-------------------+--------
  Pages            |    69  
  Paginator pages  |    14  
  Non-page files   |     1  
  Static files     |     0  
  Processed images |     8  
  Aliases          |    18  
  Sitemaps         |     1  
  Cleaned          |     0  

Total in 365 ms
Start building sites … 

                   | ZH-CN  
-------------------+--------
  Pages            |    69  
  Paginator pages  |    14  
  Non-page files   |     1  
  Static files     |     0  
  Processed images |     8  
  Aliases          |    18  
  Sitemaps         |     1  
  Cleaned          |     0  

Total in 368 ms
Start building sites … 

                   | ZH-CN  
-------------------+--------
  Pages            |    72  
  Paginator pages  |    14  
  Non-page files   |     1  
  Static files     |     0  
  Processed images |     8  
  Aliases          |    19  
  Sitemaps         |     1  
  Cleaned          |     0  

Total in 519 ms
Start building sites … 

                   | ZH-CN  
-------------------+--------
  Pages            |    72  
  Paginator pages  |    14  
  Non-page files   |     1  
  Static files     |     0  
  Processed images |     8  
  Aliases          |    19  
  Sitemaps         |     1  
  Cleaned          |     0  

Total in 357 ms
Start building sites … 

                   | ZH-CN  
-------------------+--------
  Pages            |    77  
  Paginator pages  |    16  
  Non-page files   |     1  
  Static files     |     0  
  Processed images |     8  
  Aliases          |    21  
  Sitemaps         |     1  
  Cleaned          |     0  

Total in 418 ms
Start building sites … 

                   | ZH-CN  
-------------------+--------
  Pages            |    77  
  Paginator pages  |    16  
  Non-page files   |     1  
  Static files     |     0  
  Processed images |     8  
  Aliases          |    21  
  Sitemaps         |     1  
  Cleaned          |     0  

Total in 465 ms
Start building sites … 

                   | ZH-CN  
-------------------+--------
  Pages            |    82  
  Paginator pages  |    17  
  Non-page files   |     1  
  Static files     |     0  
  Processed images |     4  
  Aliases          |    23  
  Sitemaps         |     1  
  Cleaned          |     0  

Total in 261 ms
Start building sites … 

                   | ZH-CN  
-------------------+--------
  Pages            |    82  
  Paginator pages  |    17  
  Non-page files   |     1  
  Static files     |     0  
  Processed images |     3  
  Aliases          |    23  
  Sitemaps         |     1  
  Cleaned          |     0  

Total in 288 ms
WARN 2022/03/01 23:49:16 Module "hugo-theme-stack" is not compatible with this Hugo version; run "hugo mod graph" for more information.
Start building sites … 

                   | ZH-CN  
-------------------+--------
  Pages            |    82  
  Paginator pages  |    17  
  Non-page files   |     1  
  Static files     |     0  
  Processed images |     9  
  Aliases          |    23  
  Sitemaps         |     1  
  Cleaned          |     0  

Total in 332 ms
WARN 2022/03/02 13:43:15 Module "hugo-theme-stack" is not compatible with this Hugo version; run "hugo mod graph" for more information.
Start building sites … 

                   | ZH-CN  
-------------------+--------
  Pages            |    92  
  Paginator pages  |    18  
  Non-page files   |     1  
  Static files     |     0  
  Processed images |     5  
  Aliases          |    26  
  Sitemaps         |     1  
  Cleaned          |     0  

Total in 317 ms
WARN 2022/03/02 13:49:22 Module "hugo-theme-stack" is not compatible with this Hugo version; run "hugo mod graph" for more information.
Start building sites … 

                   | ZH-CN  
-------------------+--------
  Pages            |    95  
  Paginator pages  |    18  
  Non-page files   |     1  
  Static files     |     0  
  Processed images |     3  
  Aliases          |    27  
  Sitemaps         |     1  
  Cleaned          |     0  

Total in 323 ms
WARN 2022/03/02 13:53:02 Module "hugo-theme-stack" is not compatible with this Hugo version; run "hugo mod graph" for more information.
Start building sites … 

                   | ZH-CN  
-------------------+--------
  Pages            |    95  
  Paginator pages  |    18  
  Non-page files   |     1  
  Static files     |     0  
  Processed images |     7  
  Aliases          |    27  
  Sitemaps         |     1  
  Cleaned          |     0  

Total in 348 ms
WARN 2022/03/02 13:53:18 Module "hugo-theme-stack" is not compatible with this Hugo version; run "hugo mod graph" for more information.
Start building sites … 

                   | ZH-CN  
-------------------+--------
  Pages            |    95  
  Paginator pages  |    18  
  Non-page files   |     1  
  Static files     |     0  
  Processed images |     4  
  Aliases          |    27  
  Sitemaps         |     1  
  Cleaned          |     0  

Total in 295 ms
WARN 2022/03/02 23:56:45 Module "hugo-theme-stack" is not compatible with this Hugo version; run "hugo mod graph" for more information.
Start building sites … 

                   | ZH-CN  
-------------------+--------
  Pages            |    96  
  Paginator pages  |    18  
  Non-page files   |     1  
  Static files     |     0  
  Processed images |     7  
  Aliases          |    27  
  Sitemaps         |     1  
  Cleaned          |     0  

Total in 322 ms
WARN 2022/03/21 00:24:10 Module "hugo-theme-stack" is not compatible with this Hugo version; run "hugo mod graph" for more information.
Start building sites … 

                   | ZH-CN  
-------------------+--------
  Pages            |    97  
  Paginator pages  |    18  
  Non-page files   |     1  
  Static files     |     0  
  Processed images |     7  
  Aliases          |    27  
  Sitemaps         |     1  
  Cleaned          |     0  

Total in 315 ms
WARN 2022/03/21 00:26:00 Module "hugo-theme-stack" is not compatible with this Hugo version; run "hugo mod graph" for more information.
Start building sites … 

                   | ZH-CN  
-------------------+--------
  Pages            |    97  
  Paginator pages  |    18  
  Non-page files   |     1  
  Static files     |     0  
  Processed images |     7  
  Aliases          |    27  
  Sitemaps         |     1  
  Cleaned          |     0  

Total in 314 ms
WARN 2022/03/21 00:26:40 Module "hugo-theme-stack" is not compatible with this Hugo version; run "hugo mod graph" for more information.
Start building sites … 

                   | ZH-CN  
-------------------+--------
  Pages            |    97  
  Paginator pages  |    18  
  Non-page files   |     1  
  Static files     |     0  
  Processed images |     7  
  Aliases          |    27  
  Sitemaps         |     1  
  Cleaned          |     0  

Total in 317 ms
WARN 2022/03/21 00:30:36 Module "hugo-theme-stack" is not compatible with this Hugo version; run "hugo mod graph" for more information.
Start building sites … 

                   | ZH-CN  
-------------------+--------
  Pages            |   100  
  Paginator pages  |    18  
  Non-page files   |     1  
  Static files     |     0  
  Processed images |     6  
  Aliases          |    28  
  Sitemaps         |     1  
  Cleaned          |     0  

Total in 309 ms
WARN 2022/03/21 10:07:06 Module "hugo-theme-stack" is not compatible with this Hugo version; run "hugo mod graph" for more information.
Start building sites … 

                   | ZH-CN  
-------------------+--------
  Pages            |   101  
  Paginator pages  |    18  
  Non-page files   |     1  
  Static files     |     0  
  Processed images |     7  
  Aliases          |    28  
  Sitemaps         |     1  
  Cleaned          |     0  

Total in 338 ms
WARN 2022/03/28 01:37:53 Module "hugo-theme-stack" is not compatible with this Hugo version; run "hugo mod graph" for more information.
Start building sites … 

                   | ZH-CN  
-------------------+--------
  Pages            |   101  
  Paginator pages  |    18  
  Non-page files   |     1  
  Static files     |     0  
  Processed images |     5  
  Aliases          |    28  
  Sitemaps         |     1  
  Cleaned          |     0  

Total in 282 ms
WARN 2022/03/28 02:10:44 Module "hugo-theme-stack" is not compatible with this Hugo version; run "hugo mod graph" for more information.
Start building sites … 

                   | ZH-CN  
-------------------+--------
  Pages            |   111  
  Paginator pages  |    20  
  Non-page files   |     1  
  Static files     |     0  
  Processed images |     3  
  Aliases          |    31  
  Sitemaps         |     1  
  Cleaned          |     0  

Total in 418 ms
WARN 2022/04/08 12:25:08 Module "hugo-theme-stack" is not compatible with this Hugo version; run "hugo mod graph" for more information.
Start building sites … 

                   | ZH-CN  
-------------------+--------
  Pages            |   116  
  Paginator pages  |    21  
  Non-page files   |     1  
  Static files     |     0  
  Processed images |     3  
  Aliases          |    31  
  Sitemaps         |     1  
  Cleaned          |     0  

Total in 485 ms
WARN 2022/04/09 14:53:30 Module "hugo-theme-stack" is not compatible with this Hugo version; run "hugo mod graph" for more information.
Start building sites … 

                   | ZH-CN  
-------------------+--------
  Pages            |   119  
  Paginator pages  |    21  
  Non-page files   |     1  
  Static files     |     0  
  Processed images |     3  
  Aliases          |    32  
  Sitemaps         |     1  
  Cleaned          |     0  

Total in 475 ms
WARN 2022/04/13 00:21:17 Module "hugo-theme-stack" is not compatible with this Hugo version; run "hugo mod graph" for more information.
Start building sites … 

                   | ZH-CN  
-------------------+--------
  Pages            |   119  
  Paginator pages  |    21  
  Non-page files   |     1  
  Static files     |     0  
  Processed images |     6  
  Aliases          |    32  
  Sitemaps         |     1  
  Cleaned          |     0  

Total in 507 ms
WARN 2022/04/26 23:51:47 Module "hugo-theme-stack" is not compatible with this Hugo version; run "hugo mod graph" for more information.
Start building sites … 

                   | ZH-CN  
-------------------+--------
  Pages            |   126  
  Paginator pages  |    23  
  Non-page files   |     1  
  Static files     |     0  
  Processed images |     6  
  Aliases          |    33  
  Sitemaps         |     1  
  Cleaned          |     0  

Total in 449 ms
WARN 2022/04/26 23:58:59 Module "hugo-theme-stack" is not compatible with this Hugo version; run "hugo mod graph" for more information.
Start building sites … 

                   | ZH-CN  
-------------------+--------
  Pages            |   127  
  Paginator pages  |    23  
  Non-page files   |     1  
  Static files     |     0  
  Processed images |     3  
  Aliases          |    33  
  Sitemaps         |     1  
  Cleaned          |     0  

Total in 494 ms
WARN 2022/04/27 14:17:41 Module "hugo-theme-stack" is not compatible with this Hugo version; run "hugo mod graph" for more information.
Start building sites … 

                   | ZH-CN  
-------------------+--------
  Pages            |   130  
  Paginator pages  |    23  
  Non-page files   |     1  
  Static files     |     0  
  Processed images |     3  
  Aliases          |    34  
  Sitemaps         |     1  
  Cleaned          |     0  

Total in 491 ms
WARN 2022/05/13 21:24:31 Module "hugo-theme-stack" is not compatible with this Hugo version; run "hugo mod graph" for more information.
Start building sites … 

                   | ZH-CN  
-------------------+--------
  Pages            |   132  
  Paginator pages  |    25  
  Non-page files   |     1  
  Static files     |     0  
  Processed images |     6  
  Aliases          |    34  
  Sitemaps         |     1  
  Cleaned          |     0  

Total in 505 ms
WARN 2022/05/30 15:51:49 Module "hugo-theme-stack" is not compatible with this Hugo version; run "hugo mod graph" for more information.
Start building sites … 

                   | ZH-CN  
-------------------+--------
  Pages            |   133  
  Paginator pages  |    25  
  Non-page files   |     1  
  Static files     |     0  
  Processed images |     3  
  Aliases          |    34  
  Sitemaps         |     1  
  Cleaned          |     0  

Total in 445 ms
WARN 2022/05/30 19:49:48 Module "hugo-theme-stack" is not compatible with this Hugo version; run "hugo mod graph" for more information.
Start building sites … 

                   | ZH-CN  
-------------------+--------
  Pages            |   132  
  Paginator pages  |    25  
  Non-page files   |     1  
  Static files     |     0  
  Processed images |     5  
  Aliases          |    34  
  Sitemaps         |     1  
  Cleaned          |     0  

Total in 460 ms
WARN 2022/05/30 21:10:03 Module "hugo-theme-stack" is not compatible with this Hugo version; run "hugo mod graph" for more information.
Start building sites … 

                   | ZH-CN  
-------------------+--------
  Pages            |   132  
  Paginator pages  |    25  
  Non-page files   |     1  
  Static files     |     0  
  Processed images |     5  
  Aliases          |    34  
  Sitemaps         |     1  
  Cleaned          |     0  

Total in 478 ms
WARN 2022/06/11 01:08:49 Module "hugo-theme-stack" is not compatible with this Hugo version; run "hugo mod graph" for more information.
Start building sites … 

                   | ZH-CN  
-------------------+--------
  Pages            |   133  
  Paginator pages  |    25  
  Non-page files   |     1  
  Static files     |     0  
  Processed images |     6  
  Aliases          |    34  
  Sitemaps         |     1  
  Cleaned          |     0  

Total in 466 ms
WARN 2022/06/12 20:27:04 Module "hugo-theme-stack" is not compatible with this Hugo version; run "hugo mod graph" for more information.
Start building sites … 

                   | ZH-CN  
-------------------+--------
  Pages            |   136  
  Paginator pages  |    25  
  Non-page files   |     1  
  Static files     |     0  
  Processed images |     5  
  Aliases          |    35  
  Sitemaps         |     1  
  Cleaned          |     0  

Total in 540 ms
WARN 2022/06/25 13:57:21 Module "hugo-theme-stack" is not compatible with this Hugo version; run "hugo mod graph" for more information.
Start building sites … 

                   | ZH-CN  
-------------------+--------
  Pages            |   133  
  Paginator pages  |    25  
  Non-page files   |     1  
  Static files     |     0  
  Processed images |     7  
  Aliases          |    34  
  Sitemaps         |     1  
  Cleaned          |     0  

Total in 485 ms
WARN 2022/06/26 10:53:03 Module "hugo-theme-stack" is not compatible with this Hugo version; run "hugo mod graph" for more information.
Start building sites … 

                   | ZH-CN  
-------------------+--------
  Pages            |   133  
  Paginator pages  |    25  
  Non-page files   |     1  
  Static files     |     0  
  Processed images |     6  
  Aliases          |    34  
  Sitemaps         |     1  
  Cleaned          |     0  

Total in 445 ms
WARN 2022/06/26 10:55:22 Module "hugo-theme-stack" is not compatible with this Hugo version; run "hugo mod graph" for more information.
Start building sites … 

                   | ZH-CN  
-------------------+--------
  Pages            |   133  
  Paginator pages  |    25  
  Non-page files   |     1  
  Static files     |     0  
  Processed images |     5  
  Aliases          |    34  
  Sitemaps         |     1  
  Cleaned          |     0  

Total in 448 ms
WARN 2022/07/04 19:09:37 Module "hugo-theme-stack" is not compatible with this Hugo version; run "hugo mod graph" for more information.
Start building sites … 

                   | ZH-CN  
-------------------+--------
  Pages            |   136  
  Paginator pages  |    25  
  Non-page files   |     1  
  Static files     |     0  
  Processed images |     5  
  Aliases          |    35  
  Sitemaps         |     1  
  Cleaned          |     0  

Total in 464 ms
WARN 2022/07/04 19:11:26 Module "hugo-theme-stack" is not compatible with this Hugo version; run "hugo mod graph" for more information.
Start building sites … 

                   | ZH-CN  
-------------------+--------
  Pages            |   136  
  Paginator pages  |    25  
  Non-page files   |     1  
  Static files     |     0  
  Processed images |     4  
  Aliases          |    35  
  Sitemaps         |     1  
  Cleaned          |     0  

Total in 457 ms
WARN 2022/11/21 09:19:09 Module "hugo-theme-stack" is not compatible with this Hugo version; run "hugo mod graph" for more information.
Start building sites … 

                   | ZH-CN  
-------------------+--------
  Pages            |   145  
  Paginator pages  |    26  
  Non-page files   |     1  
  Static files     |     0  
  Processed images |     4  
  Aliases          |    38  
  Sitemaps         |     1  
  Cleaned          |     0  

Total in 483 ms
WARN 2022/11/21 09:25:20 Module "hugo-theme-stack" is not compatible with this Hugo version; run "hugo mod graph" for more information.
Start building sites … 

                   | ZH-CN  
-------------------+--------
  Pages            |   145  
  Paginator pages  |    26  
  Non-page files   |     1  
  Static files     |     0  
  Processed images |     4  
  Aliases          |    38  
  Sitemaps         |     1  
  Cleaned          |     0  

Total in 535 ms
WARN 2022/11/21 09:30:42 Module "hugo-theme-stack" is not compatible with this Hugo version; run "hugo mod graph" for more information.
Start building sites … 

                   | ZH-CN  
-------------------+--------
  Pages            |   146  
  Paginator pages  |    26  
  Non-page files   |     1  
  Static files     |     0  
  Processed images |     4  
  Aliases          |    39  
  Sitemaps         |     1  
  Cleaned          |     0  

Total in 556 ms
WARN 2022/11/21 11:25:07 Module "hugo-theme-stack" is not compatible with this Hugo version; run "hugo mod graph" for more information.
Start building sites … 

                   | ZH-CN  
-------------------+--------
  Pages            |   150  
  Paginator pages  |    29  
  Non-page files   |     1  
  Static files     |     0  
  Processed images |     4  
  Aliases          |    38  
  Sitemaps         |     1  
  Cleaned          |     0  

Total in 530 ms
WARN 2022/11/21 11:30:05 Module "hugo-theme-stack" is not compatible with this Hugo version; run "hugo mod graph" for more information.
Start building sites … 

                   | ZH-CN  
-------------------+--------
  Pages            |   150  
  Paginator pages  |    29  
  Non-page files   |     2  
  Static files     |     0  
  Processed images |     7  
  Aliases          |    38  
  Sitemaps         |     1  
  Cleaned          |     0  

Total in 548 ms
WARN 2022/11/21 11:35:00 Module "hugo-theme-stack" is not compatible with this Hugo version; run "hugo mod graph" for more information.
Start building sites … 

                   | ZH-CN  
-------------------+--------
  Pages            |   148  
  Paginator pages  |    29  
  Non-page files   |     2  
  Static files     |     0  
  Processed images |     6  
  Aliases          |    37  
  Sitemaps         |     1  
  Cleaned          |     0  

Total in 576 ms
WARN 2022/11/22 09:09:07 Module "hugo-theme-stack" is not compatible with this Hugo version; run "hugo mod graph" for more information.
Start building sites … 

                   | ZH-CN  
-------------------+--------
  Pages            |   148  
  Paginator pages  |    29  
  Non-page files   |     2  
  Static files     |     0  
  Processed images |     5  
  Aliases          |    37  
  Sitemaps         |     1  
  Cleaned          |     0  

Total in 546 ms
WARN 2022/11/22 09:12:40 Module "hugo-theme-stack" is not compatible with this Hugo version; run "hugo mod graph" for more information.
Start building sites … 

                   | ZH-CN  
-------------------+--------
  Pages            |   148  
  Paginator pages  |    29  
  Non-page files   |     2  
  Static files     |     0  
  Processed images |     6  
  Aliases          |    37  
  Sitemaps         |     1  
  Cleaned          |     0  

Total in 549 ms
WARN 2022/11/22 09:13:12 Module "hugo-theme-stack" is not compatible with this Hugo version; run "hugo mod graph" for more information.
Start building sites … 

                   | ZH-CN  
-------------------+--------
  Pages            |   150  
  Paginator pages  |    29  
  Non-page files   |     2  
  Static files     |     0  
  Processed images |     6  
  Aliases          |    38  
  Sitemaps         |     1  
  Cleaned          |     0  

Total in 522 ms
WARN 2022/11/22 09:54:19 Module "hugo-theme-stack" is not compatible with this Hugo version; run "hugo mod graph" for more information.
Start building sites … 

                   | ZH-CN  
-------------------+--------
  Pages            |   157  
  Paginator pages  |    33  
  Non-page files   |     7  
  Static files     |     0  
  Processed images |    20  
  Aliases          |    38  
  Sitemaps         |     1  
  Cleaned          |     0  

Total in 870 ms
WARN 2022/11/22 10:01:55 Module "hugo-theme-stack" is not compatible with this Hugo version; run "hugo mod graph" for more information.
Start building sites … 

                   | ZH-CN  
-------------------+--------
  Pages            |   157  
  Paginator pages  |    33  
  Non-page files   |     7  
  Static files     |     0  
  Processed images |    19  
  Aliases          |    38  
  Sitemaps         |     1  
  Cleaned          |     0  

Total in 551 ms
Total in 1 ms
Total in 2 ms
Total in 3 ms
WARN 2022/11/22 10:44:01 Module "hugo-theme-stack" is not compatible with this Hugo version; run "hugo mod graph" for more information.
Start building sites … 

                   | ZH-CN  
-------------------+--------
  Pages            |   157  
  Paginator pages  |    37  
  Non-page files   |     7  
  Static files     |     0  
  Processed images |    18  
  Aliases          |    38  
  Sitemaps         |     1  
  Cleaned          |     0  

Total in 593 ms
WARN 2022/11/22 11:26:58 Module "hugo-theme-stack" is not compatible with this Hugo version; run "hugo mod graph" for more information.
Start building sites … 

                   | ZH-CN  
-------------------+--------
  Pages            |   157  
  Paginator pages  |    39  
  Non-page files   |     7  
  Static files     |     0  
  Processed images |    17  
  Aliases          |    38  
  Sitemaps         |     1  
  Cleaned          |     0  

Total in 569 ms
WARN 2022/11/22 11:31:37 Module "hugo-theme-stack" is not compatible with this Hugo version; run "hugo mod graph" for more information.
Start building sites … 

                   | ZH-CN  
-------------------+--------
  Pages            |   157  
  Paginator pages  |    39  
  Non-page files   |     7  
  Static files     |     0  
  Processed images |    15  
  Aliases          |    38  
  Sitemaps         |     1  
  Cleaned          |     0  

Total in 594 ms
WARN 2022/11/22 11:33:08 Module "hugo-theme-stack" is not compatible with this Hugo version; run "hugo mod graph" for more information.
Start building sites … 
ERROR 2022/11/22 11:33:08 render of "section" failed: execute of template failed: template: _default/list.html:80:7: executing "right-sidebar" at <partialCached "sidebar/right.html" .>: error calling partialCached: execute of template failed: template: partials/sidebar/right.html:5:15: executing "partials/sidebar/right.html" at <partial (printf "widget/%s" $widget) $context>: error calling partial: "/Users/xugo/Documents/coldSugarSnowPear/ixugo-blog/themes/hugo-theme-stack/layouts/partials/widget/categories.html:1:16": execute of template failed: template: partials/widget/categories.html:1:16: executing "partials/widget/categories.html" at <.Context>: can't evaluate field Context in type *hugolib.pageState
ERROR 2022/11/22 11:33:08 render of "section" failed: execute of template failed: template: _default/list.html:80:7: executing "right-sidebar" at <partialCached "sidebar/right.html" .>: error calling partialCached: execute of template failed: template: partials/sidebar/right.html:5:15: executing "partials/sidebar/right.html" at <partial (printf "widget/%s" $widget) $context>: error calling partial: "/Users/xugo/Documents/coldSugarSnowPear/ixugo-blog/themes/hugo-theme-stack/layouts/partials/widget/categories.html:1:16": execute of template failed: template: partials/widget/categories.html:1:16: executing "partials/widget/categories.html" at <.Context>: can't evaluate field Context in type *hugolib.pageState
ERROR 2022/11/22 11:33:08 render of "home" failed: execute of template failed: template: index.html:18:7: executing "right-sidebar" at <partial "sidebar/right.html" .>: error calling partial: execute of template failed: template: partials/sidebar/right.html:5:15: executing "partials/sidebar/right.html" at <partial (printf "widget/%s" $widget) $context>: error calling partial: "/Users/xugo/Documents/coldSugarSnowPear/ixugo-blog/themes/hugo-theme-stack/layouts/partials/widget/categories.html:1:16": execute of template failed: template: partials/widget/categories.html:1:16: executing "partials/widget/categories.html" at <.Context>: can't evaluate field Context in type *hugolib.pageState
ERROR 2022/11/22 11:33:08 render of "section" failed: execute of template failed: template: _default/list.html:80:7: executing "right-sidebar" at <partialCached "sidebar/right.html" .>: error calling partialCached: execute of template failed: template: partials/sidebar/right.html:5:15: executing "partials/sidebar/right.html" at <partial (printf "widget/%s" $widget) $context>: error calling partial: "/Users/xugo/Documents/coldSugarSnowPear/ixugo-blog/themes/hugo-theme-stack/layouts/partials/widget/categories.html:1:16": execute of template failed: template: partials/widget/categories.html:1:16: executing "partials/widget/categories.html" at <.Context>: can't evaluate field Context in type *hugolib.pageState
Total in 444 ms
WARN 2022/11/22 11:33:28 Module "hugo-theme-stack" is not compatible with this Hugo version; run "hugo mod graph" for more information.
Start building sites … 
ERROR 2022/11/22 11:33:28 render of "section" failed: execute of template failed: template: _default/list.html:80:7: executing "right-sidebar" at <partialCached "sidebar/right.html" .>: error calling partialCached: execute of template failed: template: partials/sidebar/right.html:5:15: executing "partials/sidebar/right.html" at <partial (printf "widget/%s" $widget) $context>: error calling partial: "/Users/xugo/Documents/coldSugarSnowPear/ixugo-blog/themes/hugo-theme-stack/layouts/partials/widget/categories.html:1:16": execute of template failed: template: partials/widget/categories.html:1:16: executing "partials/widget/categories.html" at <.Context>: can't evaluate field Context in type *hugolib.pageState
ERROR 2022/11/22 11:33:28 render of "section" failed: execute of template failed: template: _default/list.html:80:7: executing "right-sidebar" at <partialCached "sidebar/right.html" .>: error calling partialCached: execute of template failed: template: partials/sidebar/right.html:5:15: executing "partials/sidebar/right.html" at <partial (printf "widget/%s" $widget) $context>: error calling partial: "/Users/xugo/Documents/coldSugarSnowPear/ixugo-blog/themes/hugo-theme-stack/layouts/partials/widget/categories.html:1:16": execute of template failed: template: partials/widget/categories.html:1:16: executing "partials/widget/categories.html" at <.Context>: can't evaluate field Context in type *hugolib.pageState
ERROR 2022/11/22 11:33:28 render of "section" failed: execute of template failed: template: _default/list.html:80:7: executing "right-sidebar" at <partialCached "sidebar/right.html" .>: error calling partialCached: execute of template failed: template: partials/sidebar/right.html:5:15: executing "partials/sidebar/right.html" at <partial (printf "widget/%s" $widget) $context>: error calling partial: "/Users/xugo/Documents/coldSugarSnowPear/ixugo-blog/themes/hugo-theme-stack/layouts/partials/widget/categories.html:1:16": execute of template failed: template: partials/widget/categories.html:1:16: executing "partials/widget/categories.html" at <.Context>: can't evaluate field Context in type *hugolib.pageState
ERROR 2022/11/22 11:33:28 render of "term" failed: execute of template failed: template: _default/list.html:80:7: executing "right-sidebar" at <partialCached "sidebar/right.html" .>: error calling partialCached: execute of template failed: template: partials/sidebar/right.html:5:15: executing "partials/sidebar/right.html" at <partial (printf "widget/%s" $widget) $context>: error calling partial: "/Users/xugo/Documents/coldSugarSnowPear/ixugo-blog/themes/hugo-theme-stack/layouts/partials/widget/categories.html:1:16": execute of template failed: template: partials/widget/categories.html:1:16: executing "partials/widget/categories.html" at <.Context>: can't evaluate field Context in type *hugolib.pageState
Total in 436 ms
WARN 2022/11/22 11:33:40 Module "hugo-theme-stack" is not compatible with this Hugo version; run "hugo mod graph" for more information.
Start building sites … 

                   | ZH-CN  
-------------------+--------
  Pages            |   157  
  Paginator pages  |    39  
  Non-page files   |     7  
  Static files     |     0  
  Processed images |    17  
  Aliases          |    38  
  Sitemaps         |     1  
  Cleaned          |     0  

Total in 518 ms
WARN 2022/11/22 11:40:01 Module "hugo-theme-stack" is not compatible with this Hugo version; run "hugo mod graph" for more information.
Start building sites … 

                   | ZH-CN  
-------------------+--------
  Pages            |   157  
  Paginator pages  |    39  
  Non-page files   |     7  
  Static files     |     0  
  Processed images |    16  
  Aliases          |    38  
  Sitemaps         |     1  
  Cleaned          |     0  

Total in 554 ms
WARN 2022/11/22 11:59:36 Module "hugo-theme-stack" is not compatible with this Hugo version; run "hugo mod graph" for more information.
Start building sites … 

                   | ZH-CN  
-------------------+--------
  Pages            |   157  
  Paginator pages  |    39  
  Non-page files   |     7  
  Static files     |     0  
  Processed images |    17  
  Aliases          |    38  
  Sitemaps         |     1  
  Cleaned          |     0  

Total in 573 ms
WARN 2022/11/22 14:05:22 Module "hugo-theme-stack" is not compatible with this Hugo version; run "hugo mod graph" for more information.
Start building sites … 
ERROR 2022/11/22 14:05:22 render of "home" failed: execute of template failed: template: index.html:18:7: executing "right-sidebar" at <partial "sidebar/right.html" .>: error calling partial: execute of template failed: template: partials/sidebar/right.html:5:15: executing "partials/sidebar/right.html" at <partial (printf "widget/%s" $widget) $context>: error calling partial: "/Users/xugo/Documents/coldSugarSnowPear/ixugo-blog/themes/hugo-theme-stack/layouts/partials/widget/categories.html:1:16": execute of template failed: template: partials/widget/categories.html:1:16: executing "partials/widget/categories.html" at <.Context>: can't evaluate field Context in type *hugolib.pageState
ERROR 2022/11/22 14:05:22 render of "taxonomy" failed: execute of template failed: template: _default/list.html:80:7: executing "right-sidebar" at <partialCached "sidebar/right.html" .>: error calling partialCached: execute of template failed: template: partials/sidebar/right.html:5:15: executing "partials/sidebar/right.html" at <partial (printf "widget/%s" $widget) $context>: error calling partial: "/Users/xugo/Documents/coldSugarSnowPear/ixugo-blog/themes/hugo-theme-stack/layouts/partials/widget/categories.html:1:16": execute of template failed: template: partials/widget/categories.html:1:16: executing "partials/widget/categories.html" at <.Context>: can't evaluate field Context in type *hugolib.pageState
ERROR 2022/11/22 14:05:22 render of "section" failed: execute of template failed: template: _default/list.html:80:7: executing "right-sidebar" at <partialCached "sidebar/right.html" .>: error calling partialCached: execute of template failed: template: partials/sidebar/right.html:5:15: executing "partials/sidebar/right.html" at <partial (printf "widget/%s" $widget) $context>: error calling partial: "/Users/xugo/Documents/coldSugarSnowPear/ixugo-blog/themes/hugo-theme-stack/layouts/partials/widget/categories.html:1:16": execute of template failed: template: partials/widget/categories.html:1:16: executing "partials/widget/categories.html" at <.Context>: can't evaluate field Context in type *hugolib.pageState
ERROR 2022/11/22 14:05:22 render of "home" failed: execute of template failed: template: index.html:18:7: executing "right-sidebar" at <partial "sidebar/right.html" .>: error calling partial: execute of template failed: template: partials/sidebar/right.html:5:15: executing "partials/sidebar/right.html" at <partial (printf "widget/%s" $widget) $context>: error calling partial: "/Users/xugo/Documents/coldSugarSnowPear/ixugo-blog/themes/hugo-theme-stack/layouts/partials/widget/categories.html:1:16": execute of template failed: template: partials/widget/categories.html:1:16: executing "partials/widget/categories.html" at <.Context>: can't evaluate field Context in type *hugolib.pageState
Total in 488 ms
WARN 2022/11/22 14:08:01 Module "hugo-theme-stack" is not compatible with this Hugo version; run "hugo mod graph" for more information.
Start building sites … 

                   | ZH-CN  
-------------------+--------
  Pages            |   157  
  Paginator pages  |    39  
  Non-page files   |     7  
  Static files     |     0  
  Processed images |    16  
  Aliases          |    38  
  Sitemaps         |     1  
  Cleaned          |     0  

Total in 554 ms
WARN 2022/11/22 14:11:26 Module "hugo-theme-stack" is not compatible with this Hugo version; run "hugo mod graph" for more information.
Start building sites … 

                   | ZH-CN  
-------------------+--------
  Pages            |   157  
  Paginator pages  |    39  
  Non-page files   |     7  
  Static files     |     0  
  Processed images |    17  
  Aliases          |    38  
  Sitemaps         |     1  
  Cleaned          |     0  

Total in 555 ms
WARN 2022/11/22 14:16:23 Module "hugo-theme-stack" is not compatible with this Hugo version; run "hugo mod graph" for more information.
Start building sites … 
ERROR 2022/11/22 14:16:23 Error: icon 'github.svg' is not found under 'assets/icons' folder
ERROR 2022/11/22 14:16:23 render of "section" failed: execute of template failed: template: _default/list.html:80:7: executing "right-sidebar" at <partialCached "sidebar/right.html" .>: error calling partialCached: execute of template failed: template: partials/sidebar/right.html:5:15: executing "partials/sidebar/right.html" at <partial (printf "widget/%s" $widget) $context>: error calling partial: "/Users/xugo/Documents/coldSugarSnowPear/ixugo-blog/themes/hugo-theme-stack/layouts/partials/widget/categories.html:1:16": execute of template failed: template: partials/widget/categories.html:1:16: executing "partials/widget/categories.html" at <.Context>: can't evaluate field Context in type *hugolib.pageState
ERROR 2022/11/22 14:16:23 render of "section" failed: execute of template failed: template: _default/list.html:80:7: executing "right-sidebar" at <partialCached "sidebar/right.html" .>: error calling partialCached: execute of template failed: template: partials/sidebar/right.html:5:15: executing "partials/sidebar/right.html" at <partial (printf "widget/%s" $widget) $context>: error calling partial: "/Users/xugo/Documents/coldSugarSnowPear/ixugo-blog/themes/hugo-theme-stack/layouts/partials/widget/categories.html:1:16": execute of template failed: template: partials/widget/categories.html:1:16: executing "partials/widget/categories.html" at <.Context>: can't evaluate field Context in type *hugolib.pageState
ERROR 2022/11/22 14:16:23 render of "section" failed: execute of template failed: template: _default/list.html:80:7: executing "right-sidebar" at <partialCached "sidebar/right.html" .>: error calling partialCached: execute of template failed: template: partials/sidebar/right.html:5:15: executing "partials/sidebar/right.html" at <partial (printf "widget/%s" $widget) $context>: error calling partial: "/Users/xugo/Documents/coldSugarSnowPear/ixugo-blog/themes/hugo-theme-stack/layouts/partials/widget/categories.html:1:16": execute of template failed: template: partials/widget/categories.html:1:16: executing "partials/widget/categories.html" at <.Context>: can't evaluate field Context in type *hugolib.pageState
ERROR 2022/11/22 14:16:23 render of "term" failed: execute of template failed: template: _default/list.html:80:7: executing "right-sidebar" at <partialCached "sidebar/right.html" .>: error calling partialCached: execute of template failed: template: partials/sidebar/right.html:5:15: executing "partials/sidebar/right.html" at <partial (printf "widget/%s" $widget) $context>: error calling partial: "/Users/xugo/Documents/coldSugarSnowPear/ixugo-blog/themes/hugo-theme-stack/layouts/partials/widget/categories.html:1:16": execute of template failed: template: partials/widget/categories.html:1:16: executing "partials/widget/categories.html" at <.Context>: can't evaluate field Context in type *hugolib.pageState
Total in 468 ms
WARN 2022/11/22 14:16:42 Module "hugo-theme-stack" is not compatible with this Hugo version; run "hugo mod graph" for more information.
Start building sites … 
ERROR 2022/11/22 14:16:42 Error: icon 'github.svg' is not found under 'assets/icons' folder
Total in 558 ms
WARN 2022/11/22 14:16:53 Module "hugo-theme-stack" is not compatible with this Hugo version; run "hugo mod graph" for more information.
Start building sites … 
ERROR 2022/11/22 14:16:53 Error: icon 'github.svg' is not found under 'assets/icons' folder
Total in 528 ms
WARN 2022/11/22 14:17:20 Module "hugo-theme-stack" is not compatible with this Hugo version; run "hugo mod graph" for more information.
Start building sites … 
ERROR 2022/11/22 14:17:20 Error: icon 'github.svg' is not found under 'assets/icons' folder
Total in 529 ms
WARN 2022/11/22 14:17:32 Module "hugo-theme-stack" is not compatible with this Hugo version; run "hugo mod graph" for more information.
Start building sites … 

                   | ZH-CN  
-------------------+--------
  Pages            |   157  
  Paginator pages  |    39  
  Non-page files   |     7  
  Static files     |     0  
  Processed images |    17  
  Aliases          |    38  
  Sitemaps         |     1  
  Cleaned          |     0  

Total in 524 ms
WARN 2022/11/22 14:22:17 Module "hugo-theme-stack" is not compatible with this Hugo version; run "hugo mod graph" for more information.
Start building sites … 

                   | ZH-CN  
-------------------+--------
  Pages            |   157  
  Paginator pages  |    39  
  Non-page files   |     7  
  Static files     |     0  
  Processed images |    16  
  Aliases          |    38  
  Sitemaps         |     1  
  Cleaned          |     0  

Total in 535 ms
WARN 2022/11/22 14:28:00 Module "hugo-theme-stack" is not compatible with this Hugo version; run "hugo mod graph" for more information.
Start building sites … 

                   | ZH-CN  
-------------------+--------
  Pages            |   157  
  Paginator pages  |    39  
  Non-page files   |     7  
  Static files     |     0  
  Processed images |    17  
  Aliases          |    38  
  Sitemaps         |     1  
  Cleaned          |     0  

Total in 575 ms
WARN 2022/11/22 14:30:28 Module "hugo-theme-stack" is not compatible with this Hugo version; run "hugo mod graph" for more information.
Start building sites … 

                   | ZH-CN  
-------------------+--------
  Pages            |   157  
  Paginator pages  |    39  
  Non-page files   |     7  
  Static files     |     0  
  Processed images |    15  
  Aliases          |    38  
  Sitemaps         |     1  
  Cleaned          |     0  

Total in 591 ms
WARN 2022/11/22 14:30:50 Module "hugo-theme-stack" is not compatible with this Hugo version; run "hugo mod graph" for more information.
Start building sites … 

                   | ZH-CN  
-------------------+--------
  Pages            |   157  
  Paginator pages  |    39  
  Non-page files   |     7  
  Static files     |     0  
  Processed images |    17  
  Aliases          |    38  
  Sitemaps         |     1  
  Cleaned          |     0  

Total in 551 ms
WARN 2022/11/22 19:08:06 Module "hugo-theme-stack" is not compatible with this Hugo version; run "hugo mod graph" for more information.
Start building sites … 

                   | ZH-CN  
-------------------+--------
  Pages            |   157  
  Paginator pages  |    39  
  Non-page files   |     7  
  Static files     |     0  
  Processed images |    17  
  Aliases          |    38  
  Sitemaps         |     1  
  Cleaned          |     0  

Total in 591 ms
WARN 2022/11/22 19:11:24 Module "hugo-theme-stack" is not compatible with this Hugo version; run "hugo mod graph" for more information.
Start building sites … 

                   | ZH-CN  
-------------------+--------
  Pages            |   157  
  Paginator pages  |    39  
  Non-page files   |     7  
  Static files     |     0  
  Processed images |    18  
  Aliases          |    38  
  Sitemaps         |     1  
  Cleaned          |     0  

Total in 593 ms
WARN 2022/11/22 19:12:36 Module "hugo-theme-stack" is not compatible with this Hugo version; run "hugo mod graph" for more information.
Start building sites … 

                   | ZH-CN  
-------------------+--------
  Pages            |   157  
  Paginator pages  |    39  
  Non-page files   |     7  
  Static files     |     0  
  Processed images |    15  
  Aliases          |    38  
  Sitemaps         |     1  
  Cleaned          |     0  

Total in 558 ms
WARN 2022/11/22 19:18:28 Module "hugo-theme-stack" is not compatible with this Hugo version; run "hugo mod graph" for more information.
Start building sites … 
WARN 2022/11/22 19:18:28 Failed to get translated string for language "ar" and ID "list.page": message "list.page" has no plural form "zero"
WARN 2022/11/22 19:18:28 Failed to get translated string for language "ar" and ID "list.page": message "list.page" has no plural form "zero"

                   | EN  | ZH-CN | AR  
-------------------+-----+-------+-----
  Pages            | 157 |     7 |  7  
  Paginator pages  |  54 |     0 |  0  
  Non-page files   |   7 |     0 |  0  
  Static files     |   0 |     0 |  0  
  Processed images |  17 |     0 |  0  
  Aliases          |  39 |     3 |  3  
  Sitemaps         |   2 |     1 |  1  
  Cleaned          |   0 |     0 |  0  

Total in 596 ms
Start building sites … 
hugo v0.106.0-e08ce30fe4779e7d8a8395d7021314b915648cb4+extended darwin/arm64 BuildDate=2022-11-17T18:33:40Z VendorInfo=gohugoio
WARN 2022/11/22 20:02:59 Search page not found. Create a page with layout: search.
WARN 2022/11/22 20:02:59 Archives page not found. Create a page with layout: archives.
WARN 2022/11/22 20:02:59 Search page not found. Create a page with layout: search.
WARN 2022/11/22 20:02:59 Archives page not found. Create a page with layout: archives.

                   | EN  | ZH-CN | AR  
-------------------+-----+-------+-----
  Pages            | 157 |    10 |  7  
  Paginator pages  |  54 |     0 |  0  
  Non-page files   |   7 |     0 |  0  
  Static files     |   0 |     0 |  0  
  Processed images |  19 |     0 |  0  
  Aliases          |  39 |     4 |  3  
  Sitemaps         |   2 |     1 |  1  
  Cleaned          |   0 |     0 |  0  

Total in 306 ms
Start building sites … 
hugo v0.106.0-e08ce30fe4779e7d8a8395d7021314b915648cb4+extended darwin/arm64 BuildDate=2022-11-17T18:33:40Z VendorInfo=gohugoio

                   | ZH-CN  
-------------------+--------
  Pages            |   157  
  Paginator pages  |    39  
  Non-page files   |     7  
  Static files     |     0  
  Processed images |    25  
  Aliases          |    35  
  Sitemaps         |     1  
  Cleaned          |     0  

Total in 342 ms
Start building sites … 
hugo v0.106.0-e08ce30fe4779e7d8a8395d7021314b915648cb4+extended darwin/arm64 BuildDate=2022-11-17T18:33:40Z VendorInfo=gohugoio

                   | EN   
-------------------+------
  Pages            | 159  
  Paginator pages  |  39  
  Non-page files   |   7  
  Static files     |   0  
  Processed images |  20  
  Aliases          |  38  
  Sitemaps         |   1  
  Cleaned          |   0  

Total in 273 ms
Start building sites … 
hugo v0.106.0-e08ce30fe4779e7d8a8395d7021314b915648cb4+extended darwin/arm64 BuildDate=2022-11-17T18:33:40Z VendorInfo=gohugoio

                   | EN   
-------------------+------
  Pages            | 159  
  Paginator pages  |  39  
  Non-page files   |   7  
  Static files     |   0  
  Processed images |  22  
  Aliases          |  38  
  Sitemaps         |   1  
  Cleaned          |   0  

Total in 346 ms
Start building sites … 
hugo v0.106.0-e08ce30fe4779e7d8a8395d7021314b915648cb4+extended darwin/arm64 BuildDate=2022-11-17T18:33:40Z VendorInfo=gohugoio

                   | EN   
-------------------+------
  Pages            | 160  
  Paginator pages  |  39  
  Non-page files   |   7  
  Static files     |   0  
  Processed images |  24  
  Aliases          |  38  
  Sitemaps         |   1  
  Cleaned          |   0  

Total in 365 ms
Start building sites … 
hugo v0.106.0-e08ce30fe4779e7d8a8395d7021314b915648cb4+extended darwin/arm64 BuildDate=2022-11-17T18:33:40Z VendorInfo=gohugoio

                   | EN   
-------------------+------
  Pages            | 160  
  Paginator pages  |  39  
  Non-page files   |   7  
  Static files     |   0  
  Processed images |  21  
  Aliases          |  38  
  Sitemaps         |   1  
  Cleaned          |   0  

Total in 317 ms
Start building sites … 
hugo v0.106.0-e08ce30fe4779e7d8a8395d7021314b915648cb4+extended darwin/arm64 BuildDate=2022-11-17T18:33:40Z VendorInfo=gohugoio

                   | EN   
-------------------+------
  Pages            | 164  
  Paginator pages  |  41  
  Non-page files   |   7  
  Static files     |   0  
  Processed images |  16  
  Aliases          |  39  
  Sitemaps         |   1  
  Cleaned          |   0  

Total in 303 ms
Start building sites … 
hugo v0.106.0-e08ce30fe4779e7d8a8395d7021314b915648cb4+extended darwin/arm64 BuildDate=2022-11-17T18:33:40Z VendorInfo=gohugoio

                   | EN   
-------------------+------
  Pages            | 168  
  Paginator pages  |  41  
  Non-page files   |   7  
  Static files     |   0  
  Processed images |  24  
  Aliases          |  40  
  Sitemaps         |   1  
  Cleaned          |   0  

Total in 372 ms
Start building sites … 
hugo v0.106.0-e08ce30fe4779e7d8a8395d7021314b915648cb4+extended darwin/arm64 BuildDate=2022-11-17T18:33:40Z VendorInfo=gohugoio

                   | EN   
-------------------+------
  Pages            | 167  
  Paginator pages  |  41  
  Non-page files   |   7  
  Static files     |   0  
  Processed images |  24  
  Aliases          |  40  
  Sitemaps         |   1  
  Cleaned          |   0  

Total in 358 ms
Start building sites … 
hugo v0.106.0-e08ce30fe4779e7d8a8395d7021314b915648cb4+extended darwin/arm64 BuildDate=2022-11-17T18:33:40Z VendorInfo=gohugoio

                   | EN   
-------------------+------
  Pages            | 167  
  Paginator pages  |  41  
  Non-page files   |   7  
  Static files     |   0  
  Processed images |  24  
  Aliases          |  40  
  Sitemaps         |   1  
  Cleaned          |   0  

Total in 372 ms
Start building sites … 
hugo v0.106.0-e08ce30fe4779e7d8a8395d7021314b915648cb4+extended darwin/arm64 BuildDate=2022-11-17T18:33:40Z VendorInfo=gohugoio

                   | EN   
-------------------+------
  Pages            | 171  
  Paginator pages  |  41  
  Non-page files   |   7  
  Static files     |   0  
  Processed images |  26  
  Aliases          |  41  
  Sitemaps         |   1  
  Cleaned          |   0  

Total in 382 ms
Start building sites … 
hugo v0.106.0-e08ce30fe4779e7d8a8395d7021314b915648cb4+extended darwin/arm64 BuildDate=2022-11-17T18:33:40Z VendorInfo=gohugoio

                   | EN   
-------------------+------
  Pages            | 171  
  Paginator pages  |  41  
  Non-page files   |   7  
  Static files     |   0  
  Processed images |  24  
  Aliases          |  41  
  Sitemaps         |   1  
  Cleaned          |   0  

Total in 353 ms
Start building sites … 
hugo v0.106.0-e08ce30fe4779e7d8a8395d7021314b915648cb4+extended darwin/arm64 BuildDate=2022-11-17T18:33:40Z VendorInfo=gohugoio

                   | EN   
-------------------+------
  Pages            | 175  
  Paginator pages  |  42  
  Non-page files   |   7  
  Static files     |   0  
  Processed images |  22  
  Aliases          |  42  
  Sitemaps         |   1  
  Cleaned          |   0  

Total in 337 ms
Start building sites … 
hugo v0.106.0-e08ce30fe4779e7d8a8395d7021314b915648cb4+extended darwin/arm64 BuildDate=2022-11-17T18:33:40Z VendorInfo=gohugoio

                   | EN   
-------------------+------
  Pages            | 172  
  Paginator pages  |  41  
  Non-page files   |   7  
  Static files     |   0  
  Processed images |  25  
  Aliases          |  41  
  Sitemaps         |   1  
  Cleaned          |   0  

Total in 382 ms
Start building sites … 
hugo v0.106.0-e08ce30fe4779e7d8a8395d7021314b915648cb4+extended darwin/arm64 BuildDate=2022-11-17T18:33:40Z VendorInfo=gohugoio

                   | EN   
-------------------+------
  Pages            | 172  
  Paginator pages  |  41  
  Non-page files   |   7  
  Static files     |   0  
  Processed images |  24  
  Aliases          |  41  
  Sitemaps         |   1  
  Cleaned          |   0  

Total in 399 ms
Start building sites … 
hugo v0.106.0-e08ce30fe4779e7d8a8395d7021314b915648cb4+extended darwin/arm64 BuildDate=2022-11-17T18:33:40Z VendorInfo=gohugoio

                   | EN   
-------------------+------
  Pages            | 175  
  Paginator pages  |  41  
  Non-page files   |   7  
  Static files     |   0  
  Processed images |  24  
  Aliases          |  42  
  Sitemaps         |   1  
  Cleaned          |   0  

Total in 384 ms
Start building sites … 
hugo v0.106.0-e08ce30fe4779e7d8a8395d7021314b915648cb4+extended darwin/arm64 BuildDate=2022-11-17T18:33:40Z VendorInfo=gohugoio

                   | EN   
-------------------+------
  Pages            | 175  
  Paginator pages  |  41  
  Non-page files   |   7  
  Static files     |   0  
  Processed images |  22  
  Aliases          |  42  
  Sitemaps         |   1  
  Cleaned          |   0  

Total in 384 ms
Start building sites … 
hugo v0.106.0-e08ce30fe4779e7d8a8395d7021314b915648cb4+extended darwin/arm64 BuildDate=2022-11-17T18:33:40Z VendorInfo=gohugoio

                   | EN   
-------------------+------
  Pages            | 175  
  Paginator pages  |  41  
  Non-page files   |   7  
  Static files     |   0  
  Processed images |  24  
  Aliases          |  42  
  Sitemaps         |   1  
  Cleaned          |   0  

Total in 373 ms
Start building sites … 
hugo v0.106.0-e08ce30fe4779e7d8a8395d7021314b915648cb4+extended darwin/arm64 BuildDate=2022-11-17T18:33:40Z VendorInfo=gohugoio

                   | EN   
-------------------+------
  Pages            | 182  
  Paginator pages  |  42  
  Non-page files   |   7  
  Static files     |   0  
  Processed images |  25  
  Aliases          |  45  
  Sitemaps         |   1  
  Cleaned          |   0  

Total in 394 ms
Start building sites … 
hugo v0.106.0-e08ce30fe4779e7d8a8395d7021314b915648cb4+extended darwin/arm64 BuildDate=2022-11-17T18:33:40Z VendorInfo=gohugoio

                   | EN   
-------------------+------
  Pages            | 183  
  Paginator pages  |  44  
  Non-page files   |   7  
  Static files     |   0  
  Processed images |  21  
  Aliases          |  45  
  Sitemaps         |   1  
  Cleaned          |   0  

Total in 371 ms
Start building sites … 
hugo v0.106.0-e08ce30fe4779e7d8a8395d7021314b915648cb4+extended darwin/arm64 BuildDate=2022-11-17T18:33:40Z VendorInfo=gohugoio

                   | EN   
-------------------+------
  Pages            | 183  
  Paginator pages  |  44  
  Non-page files   |   7  
  Static files     |   0  
  Processed images |  24  
  Aliases          |  45  
  Sitemaps         |   1  
  Cleaned          |   0  

Total in 341 ms
On branch main
Your branch is up to date with 'origin/main'.

Changes not staged for commit:
  (use "git add <file>..." to update what will be committed)
  (use "git restore <file>..." to discard changes in working directory)
	modified:   auto.sh
	modified:   build.log

Untracked files:
  (use "git add <file>..." to include in what will be committed)
	.gitignore
	docs/

no changes added to commit (use "git add" and/or "git commit -a")
Start building sites … 
hugo v0.106.0-e08ce30fe4779e7d8a8395d7021314b915648cb4+extended darwin/arm64 BuildDate=2022-11-17T18:33:40Z VendorInfo=gohugoio

                   | EN   
-------------------+------
  Pages            | 183  
  Paginator pages  |  44  
  Non-page files   |   7  
  Static files     |   0  
  Processed images |  21  
  Aliases          |  45  
  Sitemaps         |   1  
  Cleaned          |   0  

Total in 392 ms
On branch main
Your branch is up to date with 'origin/main'.

Changes not staged for commit:
  (use "git add <file>..." to update what will be committed)
  (use "git restore <file>..." to discard changes in working directory)
	modified:   auto.sh
	modified:   build.log

Untracked files:
  (use "git add <file>..." to include in what will be committed)
	.gitignore
	docs/

no changes added to commit (use "git add" and/or "git commit -a")
Start building sites … 
hugo v0.106.0-e08ce30fe4779e7d8a8395d7021314b915648cb4+extended darwin/arm64 BuildDate=2022-11-17T18:33:40Z VendorInfo=gohugoio

                   | EN   
-------------------+------
  Pages            | 183  
  Paginator pages  |  44  
  Non-page files   |   7  
  Static files     |   0  
  Processed images |  22  
  Aliases          |  45  
  Sitemaps         |   1  
  Cleaned          |   0  

Total in 357 ms
